  [1m[35m (0.1ms)[0m  [1m[34mSELECT sqlite_version(*)[0m
  [1m[35m (2.0ms)[0m  [1m[35mCREATE TABLE "schema_migrations" ("version" varchar NOT NULL PRIMARY KEY)[0m
  [1m[35m (2.0ms)[0m  [1m[35mCREATE TABLE "ar_internal_metadata" ("key" varchar NOT NULL PRIMARY KEY, "value" varchar, "created_at" datetime NOT NULL, "updated_at" datetime NOT NULL)[0m
  [1m[35m (0.1ms)[0m  [1m[34mSELECT "schema_migrations"."version" FROM "schema_migrations" ORDER BY "schema_migrations"."version" ASC[0m
Migrating to CreateBooks (20191108005050)
  [1m[35m (0.0ms)[0m  [1m[36mbegin transaction[0m
  [1m[35m (0.6ms)[0m  [1m[35mCREATE TABLE "books" ("id" INTEGER PRIMARY KEY AUTOINCREMENT NOT NULL, "title" varchar, "memo" text, "created_at" datetime NOT NULL, "updated_at" datetime NOT NULL)[0m
  [1m[35mSQL (0.4ms)[0m  [1m[32mINSERT INTO "schema_migrations" ("version") VALUES (?)[0m  [["version", "20191108005050"]]
  [1m[35m (1.2ms)[0m  [1m[36mcommit transaction[0m
  [1m[36mActiveRecord::InternalMetadata Load (0.2ms)[0m  [1m[34mSELECT  "ar_internal_metadata".* FROM "ar_internal_metadata" WHERE "ar_internal_metadata"."key" = ? LIMIT ?[0m  [["key", "environment"], ["LIMIT", 1]]
  [1m[35m (0.1ms)[0m  [1m[36mbegin transaction[0m
  [1m[35mSQL (0.3ms)[0m  [1m[32mINSERT INTO "ar_internal_metadata" ("key", "value", "created_at", "updated_at") VALUES (?, ?, ?, ?)[0m  [["key", "environment"], ["value", "development"], ["created_at", "2019-11-08 00:51:09.041825"], ["updated_at", "2019-11-08 00:51:09.041825"]]
  [1m[35m (1.1ms)[0m  [1m[36mcommit transaction[0m
  [1m[35m (0.1ms)[0m  [1m[34mSELECT "schema_migrations"."version" FROM "schema_migrations" ORDER BY "schema_migrations"."version" ASC[0m
Started GET "/" for ::1 at 2019-11-08 09:51:21 +0900
  [1m[35m (0.2ms)[0m  [1m[34mSELECT "schema_migrations"."version" FROM "schema_migrations" ORDER BY "schema_migrations"."version" ASC[0m
Processing by Rails::WelcomeController#index as HTML
  Rendering vendor/bundle/gems/railties-5.1.7/lib/rails/templates/rails/welcome/index.html.erb
  Rendered vendor/bundle/gems/railties-5.1.7/lib/rails/templates/rails/welcome/index.html.erb (3.0ms)
Completed 200 OK in 15ms (Views: 6.1ms | ActiveRecord: 0.0ms)


Started GET "/" for ::1 at 2019-11-08 09:53:08 +0900
  [1m[35m (0.1ms)[0m  [1m[34mSELECT "schema_migrations"."version" FROM "schema_migrations" ORDER BY "schema_migrations"."version" ASC[0m
Processing by Rails::WelcomeController#index as HTML
  Rendering vendor/bundle/gems/railties-5.1.7/lib/rails/templates/rails/welcome/index.html.erb
  Rendered vendor/bundle/gems/railties-5.1.7/lib/rails/templates/rails/welcome/index.html.erb (2.1ms)
Completed 200 OK in 12ms (Views: 5.4ms | ActiveRecord: 0.0ms)


Started GET "/" for ::1 at 2019-11-08 09:53:09 +0900
Processing by Rails::WelcomeController#index as HTML
  Rendering vendor/bundle/gems/railties-5.1.7/lib/rails/templates/rails/welcome/index.html.erb
  Rendered vendor/bundle/gems/railties-5.1.7/lib/rails/templates/rails/welcome/index.html.erb (2.2ms)
Completed 200 OK in 5ms (Views: 3.7ms | ActiveRecord: 0.0ms)


Started GET "/books" for ::1 at 2019-11-08 09:53:18 +0900
Processing by BooksController#index as HTML
  Rendering books/index.html.erb within layouts/application
  [1m[36mBook Load (0.5ms)[0m  [1m[34mSELECT "books".* FROM "books"[0m
  Rendered books/index.html.erb within layouts/application (7.9ms)
Completed 200 OK in 889ms (Views: 883.0ms | ActiveRecord: 2.2ms)


Started GET "/books/new" for ::1 at 2019-11-08 09:53:24 +0900
Processing by BooksController#new as HTML
  Rendering books/new.html.erb within layouts/application
  Rendered books/_form.html.erb (14.8ms)
  Rendered books/new.html.erb within layouts/application (16.2ms)
Completed 200 OK in 65ms (Views: 25.9ms | ActiveRecord: 1.7ms)


Started POST "/books" for ::1 at 2019-11-08 09:56:33 +0900
Processing by BooksController#create as HTML
  Parameters: {"utf8"=>"âœ“", "authenticity_token"=>"8QnfI72d6drAg4sV1xuQJUAe7p7f+o4jwCtwhPHtZQ8DmpHW6WSA/apwPlssOKblSOpF0Pgo6zAF/XQJZuCFRg==", "book"=>{"title"=>"BADON", "memo"=>"å‰ç§‘æŒã¡å››äººã®å†èµ·ã®ç‰©èªž"}, "commit"=>"Create Book"}
  [1m[35m (0.1ms)[0m  [1m[36mbegin transaction[0m
  [1m[35mSQL (0.7ms)[0m  [1m[32mINSERT INTO "books" ("title", "memo", "created_at", "updated_at") VALUES (?, ?, ?, ?)[0m  [["title", "BADON"], ["memo", "å‰ç§‘æŒã¡å››äººã®å†èµ·ã®ç‰©èªž"], ["created_at", "2019-11-08 00:56:33.923242"], ["updated_at", "2019-11-08 00:56:33.923242"]]
  [1m[35m (0.7ms)[0m  [1m[36mcommit transaction[0m
Redirected to http://localhost:3000/books/1
Completed 302 Found in 7ms (ActiveRecord: 1.4ms)


Started GET "/books/1" for ::1 at 2019-11-08 09:56:33 +0900
Processing by BooksController#show as HTML
  Parameters: {"id"=>"1"}
  [1m[36mBook Load (0.3ms)[0m  [1m[34mSELECT  "books".* FROM "books" WHERE "books"."id" = ? LIMIT ?[0m  [["id", 1], ["LIMIT", 1]]
  Rendering books/show.html.erb within layouts/application
  Rendered books/show.html.erb within layouts/application (0.8ms)
Completed 200 OK in 20ms (Views: 11.3ms | ActiveRecord: 0.3ms)


Started GET "/books/1" for ::1 at 2019-11-08 10:28:49 +0900
Processing by BooksController#show as HTML
  Parameters: {"id"=>"1"}
  [1m[36mBook Load (0.8ms)[0m  [1m[34mSELECT  "books".* FROM "books" WHERE "books"."id" = ? LIMIT ?[0m  [["id", 1], ["LIMIT", 1]]
  Rendering books/show.html.erb within layouts/application
  Rendered books/show.html.erb within layouts/application (1.5ms)
Completed 200 OK in 37ms (Views: 28.7ms | ActiveRecord: 0.8ms)


Started GET "/books" for ::1 at 2019-11-08 10:28:52 +0900
Processing by BooksController#index as HTML
  Rendering books/index.html.erb within layouts/application
  [1m[36mBook Load (0.3ms)[0m  [1m[34mSELECT "books".* FROM "books"[0m
  Rendered books/index.html.erb within layouts/application (3.8ms)
Completed 200 OK in 29ms (Views: 24.6ms | ActiveRecord: 0.3ms)


